<?xml version="1.0" encoding="UTF-8"?>
<!-- Generated by org.testng.reporters.JUnitXMLReporter -->
<testsuite hostname="DESKTOP-MVVNBS3" ignored="0" tests="4" failures="0" timestamp="2020-12-14T10:38:19 GMT" time="0.093" errors="0">
  <testcase name="testBuyItemWithExactPrice" time="0.015" classname="VendingMachineUnitTest"/>
  <testcase name="testBuyItemWithMorePrice" time="0.0" classname="VendingMachineUnitTest"/>
  <testcase name="testNotSufficientChangeException" time="0.0" classname="VendingMachineUnitTest"/>
  <testcase name="testRefund" time="0.0" classname="VendingMachineUnitTest"/>
</testsuite>
